Using pre-set license
Built from '2021.3/staging' branch; Version is '2021.3.0f1 (6eacc8284459) revision 7253192'; Using compiler version '192829333'; Build Type 'Release'
OS: 'Windows 11  (10.0.22631) 64bit Core' Language: 'en' Physical Memory: 16147 MB
BatchMode: 1, IsHumanControllingUs: 0, StartBugReporterOnCrash: 0, Is64bit: 1, IsPro: 1

COMMAND LINE ARGUMENTS:
C:\Program Files\Unity\Hub\Editor\2021.3.0f1\Editor\Unity.exe
-adb2
-batchMode
-noUpm
-name
AssetImportWorker0
-projectPath
C:/Users/jarom/Desktop/Unity/Acerola_GameJam/Dice_Abbaration
-logFile
Logs/AssetImportWorker0.log
-srvPort
56455
Successfully changed project path to: C:/Users/jarom/Desktop/Unity/Acerola_GameJam/Dice_Abbaration
C:/Users/jarom/Desktop/Unity/Acerola_GameJam/Dice_Abbaration
[UnityMemory] Configuration Parameters - Can be set up in boot.config
    "memorysetup-bucket-allocator-granularity=16"
    "memorysetup-bucket-allocator-bucket-count=8"
    "memorysetup-bucket-allocator-block-size=33554432"
    "memorysetup-bucket-allocator-block-count=8"
    "memorysetup-main-allocator-block-size=16777216"
    "memorysetup-thread-allocator-block-size=16777216"
    "memorysetup-gfx-main-allocator-block-size=16777216"
    "memorysetup-gfx-thread-allocator-block-size=16777216"
    "memorysetup-cache-allocator-block-size=4194304"
    "memorysetup-typetree-allocator-block-size=2097152"
    "memorysetup-profiler-bucket-allocator-granularity=16"
    "memorysetup-profiler-bucket-allocator-bucket-count=8"
    "memorysetup-profiler-bucket-allocator-block-size=33554432"
    "memorysetup-profiler-bucket-allocator-block-count=8"
    "memorysetup-profiler-allocator-block-size=16777216"
    "memorysetup-profiler-editor-allocator-block-size=1048576"
    "memorysetup-temp-allocator-size-main=16777216"
    "memorysetup-job-temp-allocator-block-size=2097152"
    "memorysetup-job-temp-allocator-block-size-background=1048576"
    "memorysetup-job-temp-allocator-reduction-small-platforms=262144"
    "memorysetup-temp-allocator-size-background-worker=32768"
    "memorysetup-temp-allocator-size-job-worker=262144"
    "memorysetup-temp-allocator-size-preload-manager=33554432"
    "memorysetup-temp-allocator-size-nav-mesh-worker=65536"
    "memorysetup-temp-allocator-size-audio-worker=65536"
    "memorysetup-temp-allocator-size-cloud-worker=32768"
    "memorysetup-temp-allocator-size-gi-baking-worker=262144"
    "memorysetup-temp-allocator-size-gfx=262144"
Refreshing native plugins compatible for Editor in 85.25 ms, found 3 plugins.
Preloading 0 native plugins for Editor in 0.00 ms.
Initialize engine version: 2021.3.0f1 (6eacc8284459)
[Subsystems] Discovering subsystems at path C:/Program Files/Unity/Hub/Editor/2021.3.0f1/Editor/Data/Resources/UnitySubsystems
[Subsystems] Discovering subsystems at path C:/Users/jarom/Desktop/Unity/Acerola_GameJam/Dice_Abbaration/Assets
GfxDevice: creating device client; threaded=0; jobified=0
Direct3D:
    Version:  Direct3D 11.0 [level 11.1]
    Renderer: NVIDIA GeForce GTX 1650 Ti with Max-Q Design (ID=0x1f95)
    Vendor:   NVIDIA
    VRAM:     3949 MB
    Driver:   31.0.15.3623
Initialize mono
Mono path[0] = 'C:/Program Files/Unity/Hub/Editor/2021.3.0f1/Editor/Data/Managed'
Mono path[1] = 'C:/Program Files/Unity/Hub/Editor/2021.3.0f1/Editor/Data/MonoBleedingEdge/lib/mono/unityjit-win32'
Mono config path = 'C:/Program Files/Unity/Hub/Editor/2021.3.0f1/Editor/Data/MonoBleedingEdge/etc'
Using monoOptions --debugger-agent=transport=dt_socket,embedding=1,server=y,suspend=n,address=127.0.0.1:56552
Begin MonoManager ReloadAssembly
Registering precompiled unity dll's ...
Register platform support module: C:/Program Files/Unity/Hub/Editor/2021.3.0f1/Editor/Data/PlaybackEngines/WebGLSupport/UnityEditor.WebGL.Extensions.dll
Register platform support module: C:/Program Files/Unity/Hub/Editor/2021.3.0f1/Editor/Data/PlaybackEngines/WindowsStandaloneSupport/UnityEditor.WindowsStandalone.Extensions.dll
Registered in 0.005169 seconds.
Native extension for WindowsStandalone target not found
Native extension for WebGL target not found
Refreshing native plugins compatible for Editor in 69.54 ms, found 3 plugins.
Preloading 0 native plugins for Editor in 0.00 ms.
Mono: successfully reloaded assembly
- Completed reload, in  0.753 seconds
Domain Reload Profiling:
	ReloadAssembly (754ms)
		BeginReloadAssembly (163ms)
			ExecutionOrderSort (0ms)
			DisableScriptedObjects (0ms)
			BackupInstance (0ms)
			ReleaseScriptingObjects (0ms)
			CreateAndSetChildDomain (2ms)
		EndReloadAssembly (462ms)
			LoadAssemblies (148ms)
			RebuildTransferFunctionScriptingTraits (0ms)
			SetupTypeCache (131ms)
			ReleaseScriptCaches (0ms)
			RebuildScriptCaches (26ms)
			SetupLoadedEditorAssemblies (253ms)
				LogAssemblyErrors (0ms)
				InitializePlatformSupportModulesInManaged (8ms)
				SetLoadedEditorAssemblies (0ms)
				RefreshPlugins (70ms)
				BeforeProcessingInitializeOnLoad (1ms)
				ProcessInitializeOnLoadAttributes (133ms)
				ProcessInitializeOnLoadMethodAttributes (41ms)
				AfterProcessingInitializeOnLoad (0ms)
				EditorAssembliesLoaded (0ms)
			ExecutionOrderSort2 (0ms)
			AwakeInstancesAfterBackupRestoration (0ms)
Platform modules already initialized, skipping
Registering precompiled user dll's ...
Registered in 0.003946 seconds.
Begin MonoManager ReloadAssembly
Symbol file LoadedFromMemory doesn't match image C:\Users\jarom\Desktop\Unity\Acerola_GameJam\Dice_Abbaration\Library\PackageCache\com.unity.visualscripting@1.7.6\Editor\VisualScripting.Core\Dependencies\YamlDotNet\Unity.VisualScripting.YamlDotNet.dll
Symbol file LoadedFromMemory is not a mono symbol file
Symbol file LoadedFromMemory doesn't match image C:\Users\jarom\Desktop\Unity\Acerola_GameJam\Dice_Abbaration\Library\PackageCache\com.unity.visualscripting@1.7.6\Editor\VisualScripting.Core\Dependencies\DotNetZip\Unity.VisualScripting.IonicZip.dll
Native extension for WindowsStandalone target not found
Native extension for WebGL target not found
Refreshing native plugins compatible for Editor in 0.53 ms, found 3 plugins.
Preloading 0 native plugins for Editor in 0.00 ms.
Mono: successfully reloaded assembly
- Completed reload, in  1.143 seconds
Domain Reload Profiling:
	ReloadAssembly (1144ms)
		BeginReloadAssembly (116ms)
			ExecutionOrderSort (0ms)
			DisableScriptedObjects (5ms)
			BackupInstance (0ms)
			ReleaseScriptingObjects (0ms)
			CreateAndSetChildDomain (23ms)
		EndReloadAssembly (920ms)
			LoadAssemblies (111ms)
			RebuildTransferFunctionScriptingTraits (0ms)
			SetupTypeCache (400ms)
			ReleaseScriptCaches (0ms)
			RebuildScriptCaches (46ms)
			SetupLoadedEditorAssemblies (326ms)
				LogAssemblyErrors (0ms)
				InitializePlatformSupportModulesInManaged (8ms)
				SetLoadedEditorAssemblies (1ms)
				RefreshPlugins (1ms)
				BeforeProcessingInitializeOnLoad (72ms)
				ProcessInitializeOnLoadAttributes (215ms)
				ProcessInitializeOnLoadMethodAttributes (23ms)
				AfterProcessingInitializeOnLoad (6ms)
				EditorAssembliesLoaded (0ms)
			ExecutionOrderSort2 (0ms)
			AwakeInstancesAfterBackupRestoration (6ms)
Platform modules already initialized, skipping
========================================================================
Worker process is ready to serve import requests
Launched and connected shader compiler UnityShaderCompiler.exe after 0.06 seconds
Refreshing native plugins compatible for Editor in 2.28 ms, found 3 plugins.
Preloading 0 native plugins for Editor in 0.00 ms.
Unloading 3299 Unused Serialized files (Serialized files now loaded: 0)
Unloading 22 unused Assets / (85.2 KB). Loaded Objects now: 3763.
Memory consumption went from 117.8 MB to 117.7 MB.
Total: 5.540400 ms (FindLiveObjects: 0.913500 ms CreateObjectMapping: 0.499100 ms MarkObjects: 3.975400 ms  DeleteObjects: 0.150500 ms)

AssetImportParameters requested are different than current active one (requested -> active):
  custom:video-decoder-ogg-theora: a1e56fd34408186e4bbccfd4996cb3dc -> 
  custom:container-muxer-webm: aa71ff27fc2769a1b78a27578f13a17b -> 
  custom:container-demuxer-webm: 4f35f7cbe854078d1ac9338744f61a02 -> 
  custom:video-encoder-webm-vp8: eb34c28f22e8b96e1ab97ce403110664 -> 
  custom:video-codec-MediaFoundation-h265: 746d11721c4dcdbdad8f713fa42b33f4 -> 
  custom:audio-encoder-webm-vorbis: bf7c407c2cedff20999df2af8eb42d56 -> 
  custom:framework-win-MediaFoundation: 216162199b28c13a410421893ffa2e32 -> 
  custom:container-demuxer-ogg: 62fdf1f143b41e24485cea50d1cbac27 -> 
  custom:video-decoder-webm-vp8: 9c59270c3fd7afecdb556c50c9e8de78 -> 
  custom:audio-decoder-ogg-vorbis: bf7c407c2cedff20999df2af8eb42d56 -> 
========================================================================
Received Import Request.
  Time since last request: 571441.766995 seconds.
  path: Assets/Post_Processng/Pixelate.shader
  artifactKey: Guid(73dc5205db826ce4cb6529248772fe45) Importer(815301076,1909f56bfc062723c751e8b465ee728b)
Start importing Assets/Post_Processng/Pixelate.shader using Guid(73dc5205db826ce4cb6529248772fe45) Importer(815301076,1909f56bfc062723c751e8b465ee728b)  -> (artifact id: 'a11a7753e0ae5c533719d29ca4c74c63') in 0.036565 seconds 
========================================================================
Received Import Request.
  Time since last request: 41.488262 seconds.
  path: Assets/Post_Processng/Pixelate.mat
  artifactKey: Guid(3bdff5d0469b0d149b8758a90872c511) Importer(815301076,1909f56bfc062723c751e8b465ee728b)
Start importing Assets/Post_Processng/Pixelate.mat using Guid(3bdff5d0469b0d149b8758a90872c511) Importer(815301076,1909f56bfc062723c751e8b465ee728b)  -> (artifact id: '4b4f044ecc45640c470e5b7452c09e9f') in 0.149237 seconds 
========================================================================
Received Import Request.
  Time since last request: 7.896789 seconds.
  path: Assets/Post_Processng/Pixelate.shader
  artifactKey: Guid(73dc5205db826ce4cb6529248772fe45) Importer(815301076,1909f56bfc062723c751e8b465ee728b)
Start importing Assets/Post_Processng/Pixelate.shader using Guid(73dc5205db826ce4cb6529248772fe45) Importer(815301076,1909f56bfc062723c751e8b465ee728b)  -> (artifact id: '8ace8f09601b479bf89221b1cb99ba7e') in 0.002506 seconds 
========================================================================
Received Import Request.
  Time since last request: 35.504363 seconds.
  path: Assets/Post_Processng/Pixelate.shader
  artifactKey: Guid(73dc5205db826ce4cb6529248772fe45) Importer(815301076,1909f56bfc062723c751e8b465ee728b)
Start importing Assets/Post_Processng/Pixelate.shader using Guid(73dc5205db826ce4cb6529248772fe45) Importer(815301076,1909f56bfc062723c751e8b465ee728b)  -> (artifact id: 'a5a9e971ea9d2236844e4747eee4df4c') in 0.003096 seconds 
========================================================================
Received Prepare
Registering precompiled user dll's ...
Registered in 0.004240 seconds.
Begin MonoManager ReloadAssembly
Symbol file LoadedFromMemory doesn't match image C:\Users\jarom\Desktop\Unity\Acerola_GameJam\Dice_Abbaration\Library\PackageCache\com.unity.visualscripting@1.7.6\Editor\VisualScripting.Core\Dependencies\YamlDotNet\Unity.VisualScripting.YamlDotNet.dll
Symbol file LoadedFromMemory is not a mono symbol file
Symbol file LoadedFromMemory doesn't match image C:\Users\jarom\Desktop\Unity\Acerola_GameJam\Dice_Abbaration\Library\PackageCache\com.unity.visualscripting@1.7.6\Editor\VisualScripting.Core\Dependencies\DotNetZip\Unity.VisualScripting.IonicZip.dll
Native extension for WindowsStandalone target not found
Native extension for WebGL target not found
Refreshing native plugins compatible for Editor in 0.93 ms, found 3 plugins.
Preloading 0 native plugins for Editor in 0.00 ms.
Mono: successfully reloaded assembly
- Completed reload, in  1.466 seconds
Domain Reload Profiling:
	ReloadAssembly (1467ms)
		BeginReloadAssembly (131ms)
			ExecutionOrderSort (0ms)
			DisableScriptedObjects (4ms)
			BackupInstance (0ms)
			ReleaseScriptingObjects (0ms)
			CreateAndSetChildDomain (31ms)
		EndReloadAssembly (1237ms)
			LoadAssemblies (93ms)
			RebuildTransferFunctionScriptingTraits (0ms)
			SetupTypeCache (542ms)
			ReleaseScriptCaches (2ms)
			RebuildScriptCaches (70ms)
			SetupLoadedEditorAssemblies (443ms)
				LogAssemblyErrors (0ms)
				InitializePlatformSupportModulesInManaged (29ms)
				SetLoadedEditorAssemblies (1ms)
				RefreshPlugins (1ms)
				BeforeProcessingInitializeOnLoad (83ms)
				ProcessInitializeOnLoadAttributes (283ms)
				ProcessInitializeOnLoadMethodAttributes (34ms)
				AfterProcessingInitializeOnLoad (12ms)
				EditorAssembliesLoaded (0ms)
			ExecutionOrderSort2 (0ms)
			AwakeInstancesAfterBackupRestoration (11ms)
Platform modules already initialized, skipping
Refreshing native plugins compatible for Editor in 2.22 ms, found 3 plugins.
Preloading 0 native plugins for Editor in 0.00 ms.
Unloading 3274 Unused Serialized files (Serialized files now loaded: 0)
Unloading 15 unused Assets / (53.0 KB). Loaded Objects now: 3805.
Memory consumption went from 120.2 MB to 120.2 MB.
Total: 3.523600 ms (FindLiveObjects: 0.220900 ms CreateObjectMapping: 0.145200 ms MarkObjects: 3.016200 ms  DeleteObjects: 0.139400 ms)

AssetImportParameters requested are different than current active one (requested -> active):
  custom:video-decoder-ogg-theora: a1e56fd34408186e4bbccfd4996cb3dc -> 
  custom:container-muxer-webm: aa71ff27fc2769a1b78a27578f13a17b -> 
  custom:container-demuxer-webm: 4f35f7cbe854078d1ac9338744f61a02 -> 
  custom:video-encoder-webm-vp8: eb34c28f22e8b96e1ab97ce403110664 -> 
  custom:video-codec-MediaFoundation-h265: 746d11721c4dcdbdad8f713fa42b33f4 -> 
  custom:audio-encoder-webm-vorbis: bf7c407c2cedff20999df2af8eb42d56 -> 
  custom:framework-win-MediaFoundation: 216162199b28c13a410421893ffa2e32 -> 
  custom:container-demuxer-ogg: 62fdf1f143b41e24485cea50d1cbac27 -> 
  custom:video-decoder-webm-vp8: 9c59270c3fd7afecdb556c50c9e8de78 -> 
  custom:audio-decoder-ogg-vorbis: bf7c407c2cedff20999df2af8eb42d56 -> 
========================================================================
Received Import Request.
  Time since last request: 22.382693 seconds.
  path: Assets/Post_Processng/Pixelate.shader
  artifactKey: Guid(73dc5205db826ce4cb6529248772fe45) Importer(815301076,1909f56bfc062723c751e8b465ee728b)
Start importing Assets/Post_Processng/Pixelate.shader using Guid(73dc5205db826ce4cb6529248772fe45) Importer(815301076,1909f56bfc062723c751e8b465ee728b)  -> (artifact id: 'dafda6a392b0003be9bd7b37d6871f08') in 0.066570 seconds 
========================================================================
Received Import Request.
  Time since last request: 17.009941 seconds.
  path: Assets/Post_Processng/Pixelate.shader
  artifactKey: Guid(73dc5205db826ce4cb6529248772fe45) Importer(815301076,1909f56bfc062723c751e8b465ee728b)
Start importing Assets/Post_Processng/Pixelate.shader using Guid(73dc5205db826ce4cb6529248772fe45) Importer(815301076,1909f56bfc062723c751e8b465ee728b)  -> (artifact id: '5fbc71d3f6b4ceee50e2bd8aa380df7c') in 0.100908 seconds 
========================================================================
Received Import Request.
  Time since last request: 4.926214 seconds.
  path: Assets/Post_Processng/Pixelate.shader
  artifactKey: Guid(73dc5205db826ce4cb6529248772fe45) Importer(815301076,1909f56bfc062723c751e8b465ee728b)
Start importing Assets/Post_Processng/Pixelate.shader using Guid(73dc5205db826ce4cb6529248772fe45) Importer(815301076,1909f56bfc062723c751e8b465ee728b)  -> (artifact id: '1c0b029d53205f00af9e8b9a62498e10') in 0.003778 seconds 
========================================================================
Received Import Request.
  Time since last request: 11.720906 seconds.
  path: Assets/Post_Processng/Pixelate.shader
  artifactKey: Guid(73dc5205db826ce4cb6529248772fe45) Importer(815301076,1909f56bfc062723c751e8b465ee728b)
Start importing Assets/Post_Processng/Pixelate.shader using Guid(73dc5205db826ce4cb6529248772fe45) Importer(815301076,1909f56bfc062723c751e8b465ee728b)  -> (artifact id: '7930f4ace5f257bf5a95657a581d7bb1') in 0.005556 seconds 
========================================================================
Received Import Request.
  Time since last request: 11.557817 seconds.
  path: Assets/Post_Processng/Pixelate.shader
  artifactKey: Guid(73dc5205db826ce4cb6529248772fe45) Importer(815301076,1909f56bfc062723c751e8b465ee728b)
Start importing Assets/Post_Processng/Pixelate.shader using Guid(73dc5205db826ce4cb6529248772fe45) Importer(815301076,1909f56bfc062723c751e8b465ee728b)  -> (artifact id: 'd7c9852c15f87e587e124abb2f046b63') in 0.003374 seconds 
========================================================================
Received Import Request.
  Time since last request: 8.233064 seconds.
  path: Assets/Post_Processng/Pixelate.shader
  artifactKey: Guid(73dc5205db826ce4cb6529248772fe45) Importer(815301076,1909f56bfc062723c751e8b465ee728b)
Start importing Assets/Post_Processng/Pixelate.shader using Guid(73dc5205db826ce4cb6529248772fe45) Importer(815301076,1909f56bfc062723c751e8b465ee728b)  -> (artifact id: '2c151b4409f93073654881f72708d2cb') in 0.003111 seconds 
========================================================================
Received Import Request.
  Time since last request: 8.582952 seconds.
  path: Assets/Post_Processng/Pixelate.shader
  artifactKey: Guid(73dc5205db826ce4cb6529248772fe45) Importer(815301076,1909f56bfc062723c751e8b465ee728b)
Start importing Assets/Post_Processng/Pixelate.shader using Guid(73dc5205db826ce4cb6529248772fe45) Importer(815301076,1909f56bfc062723c751e8b465ee728b)  -> (artifact id: '6f678821d549319dec29f9afd7764c0f') in 0.003453 seconds 
========================================================================
Received Import Request.
  Time since last request: 14.408490 seconds.
  path: Assets/Post_Processng/Pixelate.shader
  artifactKey: Guid(73dc5205db826ce4cb6529248772fe45) Importer(815301076,1909f56bfc062723c751e8b465ee728b)
Start importing Assets/Post_Processng/Pixelate.shader using Guid(73dc5205db826ce4cb6529248772fe45) Importer(815301076,1909f56bfc062723c751e8b465ee728b)  -> (artifact id: '44befc7695acc2411cdda55b1b9ae719') in 0.003928 seconds 
========================================================================
Received Import Request.
  Time since last request: 4.884900 seconds.
  path: Assets/Post_Processng/Pixelate.shader
  artifactKey: Guid(73dc5205db826ce4cb6529248772fe45) Importer(815301076,1909f56bfc062723c751e8b465ee728b)
Start importing Assets/Post_Processng/Pixelate.shader using Guid(73dc5205db826ce4cb6529248772fe45) Importer(815301076,1909f56bfc062723c751e8b465ee728b)  -> (artifact id: '7dd732d925d7193bd478bbdb8cb0044b') in 0.006183 seconds 
========================================================================
Received Import Request.
  Time since last request: 4.333445 seconds.
  path: Assets/Post_Processng/Pixelate.shader
  artifactKey: Guid(73dc5205db826ce4cb6529248772fe45) Importer(815301076,1909f56bfc062723c751e8b465ee728b)
Start importing Assets/Post_Processng/Pixelate.shader using Guid(73dc5205db826ce4cb6529248772fe45) Importer(815301076,1909f56bfc062723c751e8b465ee728b)  -> (artifact id: '47f968f1fc00b6557b8e0af990ae526c') in 0.003719 seconds 
========================================================================
Received Import Request.
  Time since last request: 5.170416 seconds.
  path: Assets/Post_Processng/Pixelate.shader
  artifactKey: Guid(73dc5205db826ce4cb6529248772fe45) Importer(815301076,1909f56bfc062723c751e8b465ee728b)
Start importing Assets/Post_Processng/Pixelate.shader using Guid(73dc5205db826ce4cb6529248772fe45) Importer(815301076,1909f56bfc062723c751e8b465ee728b)  -> (artifact id: '2b1df2f222f1043b1587a6626067bb69') in 0.003499 seconds 
========================================================================
Received Import Request.
  Time since last request: 15.678266 seconds.
  path: Assets/Post_Processng/Pixelate.shader
  artifactKey: Guid(73dc5205db826ce4cb6529248772fe45) Importer(815301076,1909f56bfc062723c751e8b465ee728b)
Start importing Assets/Post_Processng/Pixelate.shader using Guid(73dc5205db826ce4cb6529248772fe45) Importer(815301076,1909f56bfc062723c751e8b465ee728b)  -> (artifact id: '51b7b4c5ec6b25353a2e5ea91ba8cbb4') in 0.003691 seconds 
========================================================================
Received Import Request.
  Time since last request: 23.358443 seconds.
  path: Assets/Post_Processng/Pixelate.shader
  artifactKey: Guid(73dc5205db826ce4cb6529248772fe45) Importer(815301076,1909f56bfc062723c751e8b465ee728b)
Start importing Assets/Post_Processng/Pixelate.shader using Guid(73dc5205db826ce4cb6529248772fe45) Importer(815301076,1909f56bfc062723c751e8b465ee728b)  -> (artifact id: '252dbc204daaab1fde1f67624db68264') in 0.003717 seconds 
========================================================================
Received Import Request.
  Time since last request: 7.871531 seconds.
  path: Assets/Post_Processng/Pixelate.shader
  artifactKey: Guid(73dc5205db826ce4cb6529248772fe45) Importer(815301076,1909f56bfc062723c751e8b465ee728b)
Start importing Assets/Post_Processng/Pixelate.shader using Guid(73dc5205db826ce4cb6529248772fe45) Importer(815301076,1909f56bfc062723c751e8b465ee728b)  -> (artifact id: '7c1dc0e474ea60caafdbcca849ef5bae') in 0.003324 seconds 
========================================================================
Received Import Request.
  Time since last request: 29.130188 seconds.
  path: Assets/Post_Processng/Pixelate.shader
  artifactKey: Guid(73dc5205db826ce4cb6529248772fe45) Importer(815301076,1909f56bfc062723c751e8b465ee728b)
Start importing Assets/Post_Processng/Pixelate.shader using Guid(73dc5205db826ce4cb6529248772fe45) Importer(815301076,1909f56bfc062723c751e8b465ee728b)  -> (artifact id: '2920b8386a4793243749ad21584f1998') in 0.003375 seconds 
========================================================================
Received Import Request.
  Time since last request: 9.298935 seconds.
  path: Assets/Post_Processng/Pixelate.shader
  artifactKey: Guid(73dc5205db826ce4cb6529248772fe45) Importer(815301076,1909f56bfc062723c751e8b465ee728b)
Start importing Assets/Post_Processng/Pixelate.shader using Guid(73dc5205db826ce4cb6529248772fe45) Importer(815301076,1909f56bfc062723c751e8b465ee728b)  -> (artifact id: '750963b2a96ab9f0b6a334e8c0a0da1d') in 0.003279 seconds 
========================================================================
Received Import Request.
  Time since last request: 5.304439 seconds.
  path: Assets/Post_Processng/Pixelate.shader
  artifactKey: Guid(73dc5205db826ce4cb6529248772fe45) Importer(815301076,1909f56bfc062723c751e8b465ee728b)
Start importing Assets/Post_Processng/Pixelate.shader using Guid(73dc5205db826ce4cb6529248772fe45) Importer(815301076,1909f56bfc062723c751e8b465ee728b)  -> (artifact id: '22b4234a75408662a78a6c292fa8ddfe') in 0.006179 seconds 
========================================================================
Received Import Request.
  Time since last request: 7.796323 seconds.
  path: Assets/Post_Processng/Pixelate.shader
  artifactKey: Guid(73dc5205db826ce4cb6529248772fe45) Importer(815301076,1909f56bfc062723c751e8b465ee728b)
Start importing Assets/Post_Processng/Pixelate.shader using Guid(73dc5205db826ce4cb6529248772fe45) Importer(815301076,1909f56bfc062723c751e8b465ee728b)  -> (artifact id: '97f5ee267a7b8d47d0f878e31d3e4fe9') in 0.003132 seconds 
========================================================================
Received Import Request.
  Time since last request: 5.915986 seconds.
  path: Assets/Post_Processng/Pixelate.shader
  artifactKey: Guid(73dc5205db826ce4cb6529248772fe45) Importer(815301076,1909f56bfc062723c751e8b465ee728b)
Start importing Assets/Post_Processng/Pixelate.shader using Guid(73dc5205db826ce4cb6529248772fe45) Importer(815301076,1909f56bfc062723c751e8b465ee728b)  -> (artifact id: '1f63e6d6b263bc8a377cf29e0fe7aac2') in 0.003119 seconds 
========================================================================
Received Import Request.
  Time since last request: 28.112059 seconds.
  path: Assets/Post_Processng/Pixelate.shader
  artifactKey: Guid(73dc5205db826ce4cb6529248772fe45) Importer(815301076,1909f56bfc062723c751e8b465ee728b)
Start importing Assets/Post_Processng/Pixelate.shader using Guid(73dc5205db826ce4cb6529248772fe45) Importer(815301076,1909f56bfc062723c751e8b465ee728b)  -> (artifact id: '290603e4055db73b45e5135e1b0bc3a5') in 0.003187 seconds 
========================================================================
Received Import Request.
  Time since last request: 110.512109 seconds.
  path: Assets/Post_Processng/Pixelate.mat
  artifactKey: Guid(3bdff5d0469b0d149b8758a90872c511) Importer(815301076,1909f56bfc062723c751e8b465ee728b)
Start importing Assets/Post_Processng/Pixelate.mat using Guid(3bdff5d0469b0d149b8758a90872c511) Importer(815301076,1909f56bfc062723c751e8b465ee728b)  -> (artifact id: '49a67410a5834673a45f0629a2de08fd') in 0.088497 seconds 
========================================================================
Received Import Request.
  Time since last request: 1.717965 seconds.
  path: Assets/Prefabs/Dice.prefab
  artifactKey: Guid(446a97da0e8ae204988294b945873e02) Importer(815301076,1909f56bfc062723c751e8b465ee728b)
Start importing Assets/Prefabs/Dice.prefab using Guid(446a97da0e8ae204988294b945873e02) Importer(815301076,1909f56bfc062723c751e8b465ee728b)  -> (artifact id: 'c6f944573b558d5c26a1fa8362a167d6') in 0.080413 seconds 
========================================================================
Received Import Request.
  Time since last request: 1.907950 seconds.
  path: Assets/Scripts/Dice.cs
  artifactKey: Guid(a98a91ebc9b8d544c97892dbb2803fc9) Importer(815301076,1909f56bfc062723c751e8b465ee728b)
Start importing Assets/Scripts/Dice.cs using Guid(a98a91ebc9b8d544c97892dbb2803fc9) Importer(815301076,1909f56bfc062723c751e8b465ee728b)  -> (artifact id: 'e8fac311aed25788eed6d49038a877a7') in 0.009775 seconds 
========================================================================
Received Import Request.
  Time since last request: 25.075790 seconds.
  path: Assets/Scripts/Dice.cs
  artifactKey: Guid(a98a91ebc9b8d544c97892dbb2803fc9) Importer(815301076,1909f56bfc062723c751e8b465ee728b)
Start importing Assets/Scripts/Dice.cs using Guid(a98a91ebc9b8d544c97892dbb2803fc9) Importer(815301076,1909f56bfc062723c751e8b465ee728b)  -> (artifact id: '6d5e00e2bcca5d5b90972b584ced8f75') in 0.002583 seconds 
========================================================================
Received Import Request.
  Time since last request: 0.000020 seconds.
  path: Assets/Prefabs/Dice.prefab
  artifactKey: Guid(446a97da0e8ae204988294b945873e02) Importer(815301076,1909f56bfc062723c751e8b465ee728b)
Start importing Assets/Prefabs/Dice.prefab using Guid(446a97da0e8ae204988294b945873e02) Importer(815301076,1909f56bfc062723c751e8b465ee728b)  -> (artifact id: '9b9e4fc6bd8e18838a4f7f318c3e0907') in 0.028998 seconds 
========================================================================
Received Import Request.
  Time since last request: 22.331241 seconds.
  path: Assets/Scripts/Dice.cs
  artifactKey: Guid(a98a91ebc9b8d544c97892dbb2803fc9) Importer(815301076,1909f56bfc062723c751e8b465ee728b)
Start importing Assets/Scripts/Dice.cs using Guid(a98a91ebc9b8d544c97892dbb2803fc9) Importer(815301076,1909f56bfc062723c751e8b465ee728b)  -> (artifact id: '32be9651f0723a26d583089dd9f1d41a') in 0.002173 seconds 
========================================================================
Received Import Request.
  Time since last request: 0.000498 seconds.
  path: Assets/Prefabs/Dice.prefab
  artifactKey: Guid(446a97da0e8ae204988294b945873e02) Importer(815301076,1909f56bfc062723c751e8b465ee728b)
Start importing Assets/Prefabs/Dice.prefab using Guid(446a97da0e8ae204988294b945873e02) Importer(815301076,1909f56bfc062723c751e8b465ee728b)  -> (artifact id: 'f39a9d7f58f22bb108bd794669b4e069') in 0.028292 seconds 
========================================================================
Received Prepare
Registering precompiled user dll's ...
Registered in 0.005196 seconds.
Begin MonoManager ReloadAssembly
Symbol file LoadedFromMemory doesn't match image C:\Users\jarom\Desktop\Unity\Acerola_GameJam\Dice_Abbaration\Library\PackageCache\com.unity.visualscripting@1.7.6\Editor\VisualScripting.Core\Dependencies\YamlDotNet\Unity.VisualScripting.YamlDotNet.dll
Symbol file LoadedFromMemory is not a mono symbol file
Symbol file LoadedFromMemory doesn't match image C:\Users\jarom\Desktop\Unity\Acerola_GameJam\Dice_Abbaration\Library\PackageCache\com.unity.visualscripting@1.7.6\Editor\VisualScripting.Core\Dependencies\DotNetZip\Unity.VisualScripting.IonicZip.dll
Native extension for WindowsStandalone target not found
Native extension for WebGL target not found
Refreshing native plugins compatible for Editor in 0.94 ms, found 3 plugins.
Preloading 0 native plugins for Editor in 0.00 ms.
Mono: successfully reloaded assembly
- Completed reload, in  1.351 seconds
Domain Reload Profiling:
	ReloadAssembly (1352ms)
		BeginReloadAssembly (165ms)
			ExecutionOrderSort (0ms)
			DisableScriptedObjects (5ms)
			BackupInstance (0ms)
			ReleaseScriptingObjects (0ms)
			CreateAndSetChildDomain (41ms)
		EndReloadAssembly (1055ms)
			LoadAssemblies (114ms)
			RebuildTransferFunctionScriptingTraits (0ms)
			SetupTypeCache (359ms)
			ReleaseScriptCaches (1ms)
			RebuildScriptCaches (47ms)
			SetupLoadedEditorAssemblies (454ms)
				LogAssemblyErrors (0ms)
				InitializePlatformSupportModulesInManaged (26ms)
				SetLoadedEditorAssemblies (2ms)
				RefreshPlugins (1ms)
				BeforeProcessingInitializeOnLoad (104ms)
				ProcessInitializeOnLoadAttributes (283ms)
				ProcessInitializeOnLoadMethodAttributes (29ms)
				AfterProcessingInitializeOnLoad (10ms)
				EditorAssembliesLoaded (0ms)
			ExecutionOrderSort2 (0ms)
			AwakeInstancesAfterBackupRestoration (8ms)
Platform modules already initialized, skipping
Refreshing native plugins compatible for Editor in 2.95 ms, found 3 plugins.
Preloading 0 native plugins for Editor in 0.00 ms.
Unloading 3274 Unused Serialized files (Serialized files now loaded: 0)
Unloading 15 unused Assets / (52.9 KB). Loaded Objects now: 3809.
Memory consumption went from 120.4 MB to 120.3 MB.
Total: 2.913800 ms (FindLiveObjects: 0.322100 ms CreateObjectMapping: 0.120100 ms MarkObjects: 2.382500 ms  DeleteObjects: 0.087400 ms)

AssetImportParameters requested are different than current active one (requested -> active):
  custom:video-decoder-ogg-theora: a1e56fd34408186e4bbccfd4996cb3dc -> 
  custom:container-muxer-webm: aa71ff27fc2769a1b78a27578f13a17b -> 
  custom:container-demuxer-webm: 4f35f7cbe854078d1ac9338744f61a02 -> 
  custom:video-encoder-webm-vp8: eb34c28f22e8b96e1ab97ce403110664 -> 
  custom:video-codec-MediaFoundation-h265: 746d11721c4dcdbdad8f713fa42b33f4 -> 
  custom:audio-encoder-webm-vorbis: bf7c407c2cedff20999df2af8eb42d56 -> 
  custom:framework-win-MediaFoundation: 216162199b28c13a410421893ffa2e32 -> 
  custom:container-demuxer-ogg: 62fdf1f143b41e24485cea50d1cbac27 -> 
  custom:video-decoder-webm-vp8: 9c59270c3fd7afecdb556c50c9e8de78 -> 
  custom:audio-decoder-ogg-vorbis: bf7c407c2cedff20999df2af8eb42d56 -> 
========================================================================
Received Prepare
Registering precompiled user dll's ...
Registered in 0.005329 seconds.
Begin MonoManager ReloadAssembly
Symbol file LoadedFromMemory doesn't match image C:\Users\jarom\Desktop\Unity\Acerola_GameJam\Dice_Abbaration\Library\PackageCache\com.unity.visualscripting@1.7.6\Editor\VisualScripting.Core\Dependencies\YamlDotNet\Unity.VisualScripting.YamlDotNet.dll
Symbol file LoadedFromMemory is not a mono symbol file
Symbol file LoadedFromMemory doesn't match image C:\Users\jarom\Desktop\Unity\Acerola_GameJam\Dice_Abbaration\Library\PackageCache\com.unity.visualscripting@1.7.6\Editor\VisualScripting.Core\Dependencies\DotNetZip\Unity.VisualScripting.IonicZip.dll
Native extension for WindowsStandalone target not found
Native extension for WebGL target not found
Refreshing native plugins compatible for Editor in 0.86 ms, found 3 plugins.
Preloading 0 native plugins for Editor in 0.00 ms.
Mono: successfully reloaded assembly
- Completed reload, in  1.600 seconds
Domain Reload Profiling:
	ReloadAssembly (1601ms)
		BeginReloadAssembly (155ms)
			ExecutionOrderSort (0ms)
			DisableScriptedObjects (7ms)
			BackupInstance (0ms)
			ReleaseScriptingObjects (0ms)
			CreateAndSetChildDomain (38ms)
		EndReloadAssembly (1299ms)
			LoadAssemblies (116ms)
			RebuildTransferFunctionScriptingTraits (0ms)
			SetupTypeCache (432ms)
			ReleaseScriptCaches (3ms)
			RebuildScriptCaches (107ms)
			SetupLoadedEditorAssemblies (539ms)
				LogAssemblyErrors (0ms)
				InitializePlatformSupportModulesInManaged (25ms)
				SetLoadedEditorAssemblies (1ms)
				RefreshPlugins (1ms)
				BeforeProcessingInitializeOnLoad (113ms)
				ProcessInitializeOnLoadAttributes (351ms)
				ProcessInitializeOnLoadMethodAttributes (36ms)
				AfterProcessingInitializeOnLoad (12ms)
				EditorAssembliesLoaded (0ms)
			ExecutionOrderSort2 (0ms)
			AwakeInstancesAfterBackupRestoration (11ms)
Platform modules already initialized, skipping
Refreshing native plugins compatible for Editor in 3.31 ms, found 3 plugins.
Preloading 0 native plugins for Editor in 0.00 ms.
Unloading 3274 Unused Serialized files (Serialized files now loaded: 0)
Unloading 15 unused Assets / (54.0 KB). Loaded Objects now: 3812.
Memory consumption went from 120.4 MB to 120.3 MB.
Total: 3.726800 ms (FindLiveObjects: 0.253600 ms CreateObjectMapping: 0.250500 ms MarkObjects: 3.106700 ms  DeleteObjects: 0.114400 ms)

AssetImportParameters requested are different than current active one (requested -> active):
  custom:video-decoder-ogg-theora: a1e56fd34408186e4bbccfd4996cb3dc -> 
  custom:container-muxer-webm: aa71ff27fc2769a1b78a27578f13a17b -> 
  custom:container-demuxer-webm: 4f35f7cbe854078d1ac9338744f61a02 -> 
  custom:video-encoder-webm-vp8: eb34c28f22e8b96e1ab97ce403110664 -> 
  custom:video-codec-MediaFoundation-h265: 746d11721c4dcdbdad8f713fa42b33f4 -> 
  custom:audio-encoder-webm-vorbis: bf7c407c2cedff20999df2af8eb42d56 -> 
  custom:framework-win-MediaFoundation: 216162199b28c13a410421893ffa2e32 -> 
  custom:container-demuxer-ogg: 62fdf1f143b41e24485cea50d1cbac27 -> 
  custom:video-decoder-webm-vp8: 9c59270c3fd7afecdb556c50c9e8de78 -> 
  custom:audio-decoder-ogg-vorbis: bf7c407c2cedff20999df2af8eb42d56 -> 
========================================================================
Received Prepare
Registering precompiled user dll's ...
Registered in 0.003825 seconds.
Begin MonoManager ReloadAssembly
Symbol file LoadedFromMemory doesn't match image C:\Users\jarom\Desktop\Unity\Acerola_GameJam\Dice_Abbaration\Library\PackageCache\com.unity.visualscripting@1.7.6\Editor\VisualScripting.Core\Dependencies\YamlDotNet\Unity.VisualScripting.YamlDotNet.dll
Symbol file LoadedFromMemory is not a mono symbol file
Symbol file LoadedFromMemory doesn't match image C:\Users\jarom\Desktop\Unity\Acerola_GameJam\Dice_Abbaration\Library\PackageCache\com.unity.visualscripting@1.7.6\Editor\VisualScripting.Core\Dependencies\DotNetZip\Unity.VisualScripting.IonicZip.dll
Native extension for WindowsStandalone target not found
Native extension for WebGL target not found
Refreshing native plugins compatible for Editor in 0.88 ms, found 3 plugins.
Preloading 0 native plugins for Editor in 0.00 ms.
Mono: successfully reloaded assembly
- Completed reload, in  1.257 seconds
Domain Reload Profiling:
	ReloadAssembly (1258ms)
		BeginReloadAssembly (136ms)
			ExecutionOrderSort (0ms)
			DisableScriptedObjects (6ms)
			BackupInstance (0ms)
			ReleaseScriptingObjects (0ms)
			CreateAndSetChildDomain (32ms)
		EndReloadAssembly (999ms)
			LoadAssemblies (93ms)
			RebuildTransferFunctionScriptingTraits (0ms)
			SetupTypeCache (285ms)
			ReleaseScriptCaches (3ms)
			RebuildScriptCaches (71ms)
			SetupLoadedEditorAssemblies (468ms)
				LogAssemblyErrors (0ms)
				InitializePlatformSupportModulesInManaged (23ms)
				SetLoadedEditorAssemblies (1ms)
				RefreshPlugins (1ms)
				BeforeProcessingInitializeOnLoad (96ms)
				ProcessInitializeOnLoadAttributes (300ms)
				ProcessInitializeOnLoadMethodAttributes (36ms)
				AfterProcessingInitializeOnLoad (11ms)
				EditorAssembliesLoaded (0ms)
			ExecutionOrderSort2 (0ms)
			AwakeInstancesAfterBackupRestoration (10ms)
Platform modules already initialized, skipping
Refreshing native plugins compatible for Editor in 2.47 ms, found 3 plugins.
Preloading 0 native plugins for Editor in 0.00 ms.
Unloading 3274 Unused Serialized files (Serialized files now loaded: 0)
Unloading 15 unused Assets / (53.0 KB). Loaded Objects now: 3815.
Memory consumption went from 120.4 MB to 120.3 MB.
Total: 3.265900 ms (FindLiveObjects: 0.225000 ms CreateObjectMapping: 0.093500 ms MarkObjects: 2.835300 ms  DeleteObjects: 0.110300 ms)

AssetImportParameters requested are different than current active one (requested -> active):
  custom:video-decoder-ogg-theora: a1e56fd34408186e4bbccfd4996cb3dc -> 
  custom:container-muxer-webm: aa71ff27fc2769a1b78a27578f13a17b -> 
  custom:container-demuxer-webm: 4f35f7cbe854078d1ac9338744f61a02 -> 
  custom:video-encoder-webm-vp8: eb34c28f22e8b96e1ab97ce403110664 -> 
  custom:video-codec-MediaFoundation-h265: 746d11721c4dcdbdad8f713fa42b33f4 -> 
  custom:audio-encoder-webm-vorbis: bf7c407c2cedff20999df2af8eb42d56 -> 
  custom:framework-win-MediaFoundation: 216162199b28c13a410421893ffa2e32 -> 
  custom:container-demuxer-ogg: 62fdf1f143b41e24485cea50d1cbac27 -> 
  custom:video-decoder-webm-vp8: 9c59270c3fd7afecdb556c50c9e8de78 -> 
  custom:audio-decoder-ogg-vorbis: bf7c407c2cedff20999df2af8eb42d56 -> 
